[35m[1mScanning dependencies of target odometry[0m
[ 50%] [32mBuilding CXX object CMakeFiles/odometry.dir/src/odometry.cpp.o[0m
[01m[K/home/nvidia/Downloads/my_ws/src/my_des/src/odometry.cpp:[m[K In function â€˜[01m[Kvoid WheelCallback(const ConstPtr&)[m[Kâ€™:
[01m[K/home/nvidia/Downloads/my_ws/src/my_des/src/odometry.cpp:30:11:[m[K [01;31m[Kerror: [m[Kâ€˜[01m[KPI[m[Kâ€™ was not declared in this scope
  if (th > [01;31m[KPI[m[K)
           [01;31m[K^~[m[K
[01m[K/home/nvidia/Downloads/my_ws/src/my_des/src/odometry.cpp:31:8:[m[K [01;31m[Kerror: [m[Kâ€˜[01m[KTwoPI[m[Kâ€™ was not declared in this scope
  th -= [01;31m[KTwoPI[m[K;
        [01;31m[K^~~~~[m[K
[01m[K/home/nvidia/Downloads/my_ws/src/my_des/src/odometry.cpp:34:8:[m[K [01;31m[Kerror: [m[Kâ€˜[01m[KTwoPI[m[Kâ€™ was not declared in this scope
  th += [01;31m[KTwoPI[m[K;
        [01;31m[K^~~~~[m[K
CMakeFiles/odometry.dir/build.make:62: recipe for target 'CMakeFiles/odometry.dir/src/odometry.cpp.o' failed
make[2]: *** [CMakeFiles/odometry.dir/src/odometry.cpp.o] Error 1
CMakeFiles/Makefile2:67: recipe for target 'CMakeFiles/odometry.dir/all' failed
make[1]: *** [CMakeFiles/odometry.dir/all] Error 2
Makefile:140: recipe for target 'all' failed
make: *** [all] Error 2
